2026-05-03 00:09:35 [INFO ] HikariDataSource - HikariPool-1 - Starting...
2026-05-03 00:09:35 [INFO ] HikariDataSource - HikariPool-1 - Start completed.
2026-05-03 00:09:35 [INFO ] HikariDataSource - HikariPool-2 - Starting...
2026-05-03 00:09:35 [INFO ] HikariDataSource - HikariPool-2 - Start completed.
2026-05-03 00:09:36 [INFO ] LoginFrame - Login correcto - empleado: Admin  (admin@tienda.com)
2026-05-03 00:10:39 [INFO ] HikariDataSource - HikariPool-1 - Starting...
2026-05-03 00:10:39 [INFO ] HikariDataSource - HikariPool-1 - Start completed.
2026-05-03 00:10:39 [INFO ] HikariDataSource - HikariPool-2 - Starting...
2026-05-03 00:10:39 [INFO ] HikariDataSource - HikariPool-2 - Start completed.
2026-05-03 00:10:40 [INFO ] LoginFrame - Login correcto - empleado: Admin  (admin@tienda.com)
2026-05-03 00:38:43 [INFO ] HikariDataSource - HikariPool-1 - Starting...
2026-05-03 00:38:44 [INFO ] HikariDataSource - HikariPool-1 - Start completed.
2026-05-03 00:38:44 [INFO ] HikariDataSource - HikariPool-2 - Starting...
2026-05-03 00:38:44 [INFO ] HikariDataSource - HikariPool-2 - Start completed.
2026-05-03 00:38:44 [INFO ] LoginFrame - Login correcto - empleado: Admin  (admin@tienda.com)
2026-05-03 00:40:50 [INFO ] HikariDataSource - HikariPool-1 - Starting...
2026-05-03 00:40:51 [INFO ] HikariDataSource - HikariPool-1 - Start completed.
2026-05-03 00:40:51 [INFO ] HikariDataSource - HikariPool-2 - Starting...
2026-05-03 00:40:51 [INFO ] HikariDataSource - HikariPool-2 - Start completed.
2026-05-03 00:40:51 [INFO ] LoginFrame - Login correcto - empleado: Admin  (admin@tienda.com)
2026-05-03 01:08:17 [INFO ] HikariDataSource - HikariPool-1 - Starting...
2026-05-03 01:08:17 [INFO ] HikariDataSource - HikariPool-1 - Start completed.
2026-05-03 01:08:17 [INFO ] HikariDataSource - HikariPool-2 - Starting...
2026-05-03 01:08:17 [INFO ] HikariDataSource - HikariPool-2 - Start completed.
2026-05-03 01:08:18 [INFO ] LoginFrame - Login correcto - empleado: Admin  (admin@tienda.com)
2026-05-03 01:09:25 [INFO ] ClienteDAO - Cliente particular creado: Jose Luis Perez
2026-05-03 01:09:39 [INFO ] VentaDAO - Venta registrada - id_venta: 9, id_empleado: 1, total: 0.0
2026-05-03 01:11:25 [INFO ] HikariDataSource - HikariPool-1 - Starting...
2026-05-03 01:11:25 [INFO ] HikariDataSource - HikariPool-1 - Start completed.
2026-05-03 01:11:25 [INFO ] HikariDataSource - HikariPool-2 - Starting...
2026-05-03 01:11:25 [INFO ] HikariDataSource - HikariPool-2 - Start completed.
2026-05-03 01:11:26 [INFO ] LoginFrame - Login correcto - empleado: Admin  (admin@tienda.com)
