2026-05-05 11:04:13 [INFO ] HikariDataSource - HikariPool-1 - Starting...
2026-05-05 11:04:14 [INFO ] HikariDataSource - HikariPool-1 - Start completed.
2026-05-05 11:04:14 [INFO ] HikariDataSource - HikariPool-2 - Starting...
2026-05-05 11:04:14 [INFO ] HikariDataSource - HikariPool-2 - Start completed.
2026-05-05 11:04:14 [INFO ] LoginFrame - Login correcto - empleado: Admin  (admin@tienda.com)
2026-05-05 11:04:32 [INFO ] VentaDAO - Venta registrada - id_venta: 14, id_empleado: 1, total: 0.0
2026-05-05 11:04:51 [INFO ] LoginFrame - Login correcto - empleado: Admin  (admin@tienda.com)
2026-05-05 11:05:16 [WARN ] VentaDAO - Venta eliminada - id_venta: 13
2026-05-05 11:05:19 [WARN ] VentaDAO - Venta eliminada - id_venta: 14
2026-05-05 11:13:31 [INFO ] HikariDataSource - HikariPool-1 - Starting...
2026-05-05 11:13:31 [INFO ] HikariDataSource - HikariPool-1 - Start completed.
2026-05-05 11:13:31 [INFO ] HikariDataSource - HikariPool-2 - Starting...
2026-05-05 11:13:31 [INFO ] HikariDataSource - HikariPool-2 - Start completed.
2026-05-05 11:13:31 [INFO ] LoginFrame - Login correcto - empleado: Admin  (admin@tienda.com)
2026-05-05 13:53:29 [INFO ] HikariDataSource - HikariPool-1 - Starting...
2026-05-05 13:53:29 [INFO ] HikariDataSource - HikariPool-1 - Start completed.
2026-05-05 13:53:29 [INFO ] HikariDataSource - HikariPool-2 - Starting...
2026-05-05 13:53:29 [INFO ] HikariDataSource - HikariPool-2 - Start completed.
2026-05-05 13:53:30 [INFO ] LoginFrame - Login correcto - empleado: Admin  (admin@tienda.com)
2026-05-05 13:55:46 [INFO ] HikariDataSource - HikariPool-1 - Starting...
2026-05-05 13:55:46 [INFO ] HikariDataSource - HikariPool-1 - Start completed.
2026-05-05 13:55:46 [INFO ] HikariDataSource - HikariPool-2 - Starting...
2026-05-05 13:55:46 [INFO ] HikariDataSource - HikariPool-2 - Start completed.
2026-05-05 13:55:47 [INFO ] LoginFrame - Login correcto - empleado: Admin  (admin@tienda.com)
2026-05-05 13:58:00 [INFO ] VentaDAO - Venta registrada - id_venta: 15, id_empleado: 1, total: 0.0
