2026-05-27 13:30:56 [INFO ] HikariDataSource - HikariPool-1 - Starting...
2026-05-27 13:30:57 [INFO ] HikariDataSource - HikariPool-1 - Start completed.
2026-05-27 13:30:57 [INFO ] HikariDataSource - HikariPool-2 - Starting...
2026-05-27 13:30:57 [INFO ] HikariDataSource - HikariPool-2 - Start completed.
2026-05-27 13:31:22 [INFO ] LoginFrame - Login correcto - empleado: Admin  (admin@tienda.com)
2026-05-27 13:49:29 [INFO ] HikariDataSource - HikariPool-1 - Starting...
2026-05-27 13:49:30 [INFO ] HikariDataSource - HikariPool-1 - Start completed.
2026-05-27 13:49:30 [INFO ] HikariDataSource - HikariPool-2 - Starting...
2026-05-27 13:49:30 [INFO ] HikariDataSource - HikariPool-2 - Start completed.
2026-05-27 13:51:51 [INFO ] HikariDataSource - HikariPool-1 - Starting...
2026-05-27 13:51:52 [INFO ] HikariDataSource - HikariPool-1 - Start completed.
2026-05-27 13:51:52 [INFO ] HikariDataSource - HikariPool-2 - Starting...
2026-05-27 13:51:52 [INFO ] HikariDataSource - HikariPool-2 - Start completed.
2026-05-27 13:53:02 [INFO ] HikariDataSource - HikariPool-1 - Starting...
2026-05-27 13:53:03 [INFO ] HikariDataSource - HikariPool-1 - Start completed.
2026-05-27 13:53:03 [INFO ] HikariDataSource - HikariPool-2 - Starting...
2026-05-27 13:53:03 [INFO ] HikariDataSource - HikariPool-2 - Start completed.
2026-05-27 13:53:03 [INFO ] ClienteDAO - Cliente particular creado: Test JUnit
2026-05-27 13:53:03 [WARN ] ClienteDAO - Cliente eliminado - id_cliente: 11
2026-05-27 13:53:03 [INFO ] HikariDataSource - HikariPool-1 - Starting...
2026-05-27 13:53:04 [INFO ] HikariDataSource - HikariPool-1 - Start completed.
2026-05-27 13:53:04 [INFO ] HikariDataSource - HikariPool-2 - Starting...
2026-05-27 13:53:04 [INFO ] HikariDataSource - HikariPool-2 - Start completed.
2026-05-27 13:53:06 [INFO ] HikariDataSource - HikariPool-1 - Starting...
2026-05-27 13:53:07 [INFO ] HikariDataSource - HikariPool-1 - Start completed.
2026-05-27 13:53:07 [INFO ] HikariDataSource - HikariPool-2 - Starting...
2026-05-27 13:53:07 [INFO ] HikariDataSource - HikariPool-2 - Start completed.
2026-05-27 13:53:07 [INFO ] ProductoDAO - Producto creado: Producto Test JUnit - precio venta: 19.99
2026-05-27 13:53:07 [WARN ] ProductoDAO - Producto eliminado - id_producto: 9
2026-05-27 13:53:07 [INFO ] HikariDataSource - HikariPool-1 - Starting...
2026-05-27 13:53:08 [INFO ] HikariDataSource - HikariPool-1 - Start completed.
2026-05-27 13:53:08 [INFO ] HikariDataSource - HikariPool-2 - Starting...
2026-05-27 13:53:08 [INFO ] HikariDataSource - HikariPool-2 - Start completed.
2026-05-27 13:53:08 [INFO ] VentaDAO - Venta registrada - id_venta: 23, id_empleado: 1, total: 0.0
2026-05-27 13:53:08 [WARN ] VentaDAO - Venta eliminada - id_venta: 23
2026-05-27 14:04:06 [INFO ] HikariDataSource - HikariPool-1 - Starting...
2026-05-27 14:04:07 [INFO ] HikariDataSource - HikariPool-1 - Start completed.
2026-05-27 14:04:07 [INFO ] HikariDataSource - HikariPool-2 - Starting...
2026-05-27 14:04:07 [INFO ] HikariDataSource - HikariPool-2 - Start completed.
2026-05-27 14:04:16 [INFO ] LoginFrame - Login correcto - empleado: Admin  (admin@tienda.com)
