2026-05-16 11:53:50 [INFO ] HikariDataSource - HikariPool-1 - Starting...
2026-05-16 11:53:52 [INFO ] HikariDataSource - HikariPool-1 - Start completed.
2026-05-16 11:53:52 [INFO ] HikariDataSource - HikariPool-2 - Starting...
2026-05-16 11:53:52 [INFO ] HikariDataSource - HikariPool-2 - Start completed.
2026-05-16 11:53:57 [INFO ] HikariDataSource - HikariPool-1 - Starting...
2026-05-16 11:53:57 [INFO ] HikariDataSource - HikariPool-1 - Start completed.
2026-05-16 11:53:57 [INFO ] HikariDataSource - HikariPool-2 - Starting...
2026-05-16 11:53:57 [INFO ] HikariDataSource - HikariPool-2 - Start completed.
2026-05-16 11:54:07 [INFO ] LoginFrame - Login correcto - empleado: Admin  (admin@tienda.com)
2026-05-16 11:56:54 [INFO ] HikariDataSource - HikariPool-1 - Starting...
2026-05-16 11:56:54 [INFO ] HikariDataSource - HikariPool-1 - Start completed.
2026-05-16 11:56:54 [INFO ] HikariDataSource - HikariPool-2 - Starting...
2026-05-16 11:56:54 [INFO ] HikariDataSource - HikariPool-2 - Start completed.
2026-05-16 11:56:54 [INFO ] HikariDataSource - HikariPool-1 - Shutdown initiated...
2026-05-16 11:56:54 [INFO ] HikariDataSource - HikariPool-1 - Shutdown completed.
2026-05-16 11:56:54 [INFO ] HikariDataSource - HikariPool-2 - Shutdown initiated...
2026-05-16 11:56:54 [INFO ] HikariDataSource - HikariPool-2 - Shutdown completed.
2026-05-16 12:06:06 [INFO ] HikariDataSource - HikariPool-1 - Starting...
2026-05-16 12:06:07 [INFO ] HikariDataSource - HikariPool-1 - Start completed.
2026-05-16 12:06:07 [INFO ] HikariDataSource - HikariPool-2 - Starting...
2026-05-16 12:06:07 [INFO ] HikariDataSource - HikariPool-2 - Start completed.
2026-05-16 12:06:07 [INFO ] HikariDataSource - HikariPool-1 - Shutdown initiated...
2026-05-16 12:06:07 [INFO ] HikariDataSource - HikariPool-1 - Shutdown completed.
2026-05-16 12:06:07 [INFO ] HikariDataSource - HikariPool-2 - Shutdown initiated...
2026-05-16 12:06:07 [INFO ] HikariDataSource - HikariPool-2 - Shutdown completed.
2026-05-16 12:12:24 [INFO ] HikariDataSource - HikariPool-1 - Starting...
2026-05-16 12:12:25 [INFO ] HikariDataSource - HikariPool-1 - Start completed.
2026-05-16 12:12:25 [INFO ] HikariDataSource - HikariPool-2 - Starting...
2026-05-16 12:12:25 [INFO ] HikariDataSource - HikariPool-2 - Start completed.
2026-05-16 12:12:40 [INFO ] LoginFrame - Login correcto - empleado: Admin  (admin@tienda.com)
2026-05-16 12:12:57 [INFO ] VentaDAO - Venta registrada - id_venta: 20, id_empleado: 1, total: 0.0
2026-05-16 12:57:13 [INFO ] HikariDataSource - HikariPool-1 - Starting...
2026-05-16 12:57:14 [INFO ] HikariDataSource - HikariPool-1 - Start completed.
2026-05-16 12:57:14 [INFO ] HikariDataSource - HikariPool-2 - Starting...
2026-05-16 12:57:14 [INFO ] HikariDataSource - HikariPool-2 - Start completed.
2026-05-16 12:57:28 [INFO ] LoginFrame - Login correcto - empleado: Admin  (admin@tienda.com)
