2026-05-02 13:43:18 [INFO ] HikariDataSource - HikariPool-1 - Starting...
2026-05-02 13:43:19 [INFO ] HikariDataSource - HikariPool-1 - Start completed.
2026-05-02 13:43:19 [INFO ] HikariDataSource - HikariPool-2 - Starting...
2026-05-02 13:43:19 [INFO ] HikariDataSource - HikariPool-2 - Start completed.
2026-05-02 13:43:21 [INFO ] HikariDataSource - HikariPool-1 - Shutdown initiated...
2026-05-02 13:43:21 [INFO ] HikariDataSource - HikariPool-1 - Shutdown completed.
2026-05-02 13:43:21 [INFO ] HikariDataSource - HikariPool-2 - Shutdown initiated...
2026-05-02 13:43:21 [INFO ] HikariDataSource - HikariPool-2 - Shutdown completed.
2026-05-02 13:47:01 [INFO ] HikariDataSource - HikariPool-1 - Starting...
2026-05-02 13:47:01 [INFO ] HikariDataSource - HikariPool-1 - Start completed.
2026-05-02 13:47:01 [INFO ] HikariDataSource - HikariPool-2 - Starting...
2026-05-02 13:47:01 [INFO ] HikariDataSource - HikariPool-2 - Start completed.
2026-05-02 13:47:01 [INFO ] ClienteDAO - Cliente particular creado: Test JUnit
2026-05-02 13:47:01 [WARN ] ClienteDAO - Cliente eliminado - id_cliente: 4
2026-05-02 13:47:02 [INFO ] HikariDataSource - HikariPool-1 - Starting...
2026-05-02 13:47:02 [INFO ] HikariDataSource - HikariPool-1 - Start completed.
2026-05-02 13:47:02 [INFO ] HikariDataSource - HikariPool-2 - Starting...
2026-05-02 13:47:02 [INFO ] HikariDataSource - HikariPool-2 - Start completed.
2026-05-02 13:47:03 [INFO ] HikariDataSource - HikariPool-1 - Starting...
2026-05-02 13:47:04 [INFO ] HikariDataSource - HikariPool-1 - Start completed.
2026-05-02 13:47:04 [INFO ] HikariDataSource - HikariPool-2 - Starting...
2026-05-02 13:47:04 [INFO ] HikariDataSource - HikariPool-2 - Start completed.
2026-05-02 13:47:04 [INFO ] ProductoDAO - Producto creado: Producto Test JUnit - precio venta: 19.99
2026-05-02 13:47:04 [WARN ] ProductoDAO - Producto eliminado - id_producto: 6
2026-05-02 13:47:04 [INFO ] HikariDataSource - HikariPool-1 - Starting...
2026-05-02 13:47:04 [INFO ] HikariDataSource - HikariPool-1 - Start completed.
2026-05-02 13:47:04 [INFO ] HikariDataSource - HikariPool-2 - Starting...
2026-05-02 13:47:04 [INFO ] HikariDataSource - HikariPool-2 - Start completed.
2026-05-02 13:47:04 [INFO ] VentaDAO - Venta registrada - id_venta: 8, id_empleado: 1, total: 0.0
2026-05-02 13:47:04 [WARN ] VentaDAO - Venta eliminada - id_venta: 8
