2026-05-07 08:32:17 [INFO ] HikariDataSource - HikariPool-1 - Starting...
2026-05-07 08:32:18 [INFO ] HikariDataSource - HikariPool-1 - Start completed.
2026-05-07 08:32:18 [INFO ] HikariDataSource - HikariPool-2 - Starting...
2026-05-07 08:32:18 [INFO ] HikariDataSource - HikariPool-2 - Start completed.
2026-05-07 08:32:19 [INFO ] LoginFrame - Login correcto - empleado: Admin  (admin@tienda.com)
2026-05-07 08:36:17 [INFO ] HikariDataSource - HikariPool-1 - Starting...
2026-05-07 08:36:17 [INFO ] HikariDataSource - HikariPool-1 - Start completed.
2026-05-07 08:36:17 [INFO ] HikariDataSource - HikariPool-2 - Starting...
2026-05-07 08:36:17 [INFO ] HikariDataSource - HikariPool-2 - Start completed.
2026-05-07 08:36:17 [INFO ] LoginFrame - Login correcto - empleado: Admin  (admin@tienda.com)
2026-05-07 08:36:53 [INFO ] HikariDataSource - HikariPool-1 - Starting...
2026-05-07 08:36:53 [INFO ] HikariDataSource - HikariPool-1 - Start completed.
2026-05-07 08:36:53 [INFO ] HikariDataSource - HikariPool-2 - Starting...
2026-05-07 08:36:53 [INFO ] HikariDataSource - HikariPool-2 - Start completed.
2026-05-07 08:36:53 [INFO ] LoginFrame - Login correcto - empleado: Admin  (admin@tienda.com)
2026-05-07 08:37:27 [INFO ] HikariDataSource - HikariPool-1 - Starting...
2026-05-07 08:37:27 [INFO ] HikariDataSource - HikariPool-1 - Start completed.
2026-05-07 08:37:27 [INFO ] HikariDataSource - HikariPool-2 - Starting...
2026-05-07 08:37:27 [INFO ] HikariDataSource - HikariPool-2 - Start completed.
2026-05-07 08:37:27 [INFO ] LoginFrame - Login correcto - empleado: Admin  (admin@tienda.com)
2026-05-07 08:42:12 [INFO ] HikariDataSource - HikariPool-1 - Starting...
2026-05-07 08:42:12 [INFO ] HikariDataSource - HikariPool-1 - Start completed.
2026-05-07 08:42:12 [INFO ] HikariDataSource - HikariPool-2 - Starting...
2026-05-07 08:42:12 [INFO ] HikariDataSource - HikariPool-2 - Start completed.
2026-05-07 08:42:12 [INFO ] LoginFrame - Login correcto - empleado: Admin  (admin@tienda.com)
2026-05-07 08:49:50 [INFO ] HikariDataSource - HikariPool-1 - Starting...
2026-05-07 08:49:50 [INFO ] HikariDataSource - HikariPool-1 - Start completed.
2026-05-07 08:49:50 [INFO ] HikariDataSource - HikariPool-2 - Starting...
2026-05-07 08:49:50 [INFO ] HikariDataSource - HikariPool-2 - Start completed.
2026-05-07 08:49:51 [INFO ] LoginFrame - Login correcto - empleado: Admin  (admin@tienda.com)
2026-05-07 08:54:06 [INFO ] HikariDataSource - HikariPool-1 - Starting...
2026-05-07 08:54:06 [INFO ] HikariDataSource - HikariPool-1 - Start completed.
2026-05-07 08:54:06 [INFO ] HikariDataSource - HikariPool-2 - Starting...
2026-05-07 08:54:06 [INFO ] HikariDataSource - HikariPool-2 - Start completed.
2026-05-07 08:54:07 [INFO ] LoginFrame - Login correcto - empleado: Admin  (admin@tienda.com)
2026-05-07 08:56:47 [INFO ] HikariDataSource - HikariPool-1 - Starting...
2026-05-07 08:56:47 [INFO ] HikariDataSource - HikariPool-1 - Start completed.
2026-05-07 08:56:47 [INFO ] HikariDataSource - HikariPool-2 - Starting...
2026-05-07 08:56:47 [INFO ] HikariDataSource - HikariPool-2 - Start completed.
2026-05-07 08:56:47 [INFO ] LoginFrame - Login correcto - empleado: Admin  (admin@tienda.com)
2026-05-07 09:00:23 [INFO ] HikariDataSource - HikariPool-1 - Starting...
2026-05-07 09:00:23 [INFO ] HikariDataSource - HikariPool-1 - Start completed.
2026-05-07 09:00:23 [INFO ] HikariDataSource - HikariPool-2 - Starting...
2026-05-07 09:00:23 [INFO ] HikariDataSource - HikariPool-2 - Start completed.
2026-05-07 09:00:24 [INFO ] LoginFrame - Login correcto - empleado: Admin  (admin@tienda.com)
2026-05-07 09:05:33 [INFO ] HikariDataSource - HikariPool-1 - Starting...
2026-05-07 09:05:33 [INFO ] HikariDataSource - HikariPool-1 - Start completed.
2026-05-07 09:05:33 [INFO ] HikariDataSource - HikariPool-2 - Starting...
2026-05-07 09:05:33 [INFO ] HikariDataSource - HikariPool-2 - Start completed.
2026-05-07 09:05:33 [INFO ] LoginFrame - Login correcto - empleado: Admin  (admin@tienda.com)
2026-05-07 09:06:32 [INFO ] HikariDataSource - HikariPool-1 - Starting...
2026-05-07 09:06:32 [INFO ] HikariDataSource - HikariPool-1 - Start completed.
2026-05-07 09:06:32 [INFO ] HikariDataSource - HikariPool-2 - Starting...
2026-05-07 09:06:32 [INFO ] HikariDataSource - HikariPool-2 - Start completed.
2026-05-07 09:06:32 [INFO ] LoginFrame - Login correcto - empleado: Admin  (admin@tienda.com)
2026-05-07 09:08:53 [INFO ] HikariDataSource - HikariPool-1 - Starting...
2026-05-07 09:08:53 [INFO ] HikariDataSource - HikariPool-1 - Start completed.
2026-05-07 09:08:53 [INFO ] HikariDataSource - HikariPool-2 - Starting...
2026-05-07 09:08:53 [INFO ] HikariDataSource - HikariPool-2 - Start completed.
2026-05-07 09:08:54 [INFO ] LoginFrame - Login correcto - empleado: Admin  (admin@tienda.com)
2026-05-07 09:10:02 [INFO ] HikariDataSource - HikariPool-1 - Starting...
2026-05-07 09:10:02 [INFO ] HikariDataSource - HikariPool-1 - Start completed.
2026-05-07 09:10:02 [INFO ] HikariDataSource - HikariPool-2 - Starting...
2026-05-07 09:10:02 [INFO ] HikariDataSource - HikariPool-2 - Start completed.
2026-05-07 09:10:03 [INFO ] LoginFrame - Login correcto - empleado: Admin  (admin@tienda.com)
2026-05-07 09:11:29 [INFO ] HikariDataSource - HikariPool-1 - Starting...
2026-05-07 09:11:29 [INFO ] HikariDataSource - HikariPool-1 - Start completed.
2026-05-07 09:11:29 [INFO ] HikariDataSource - HikariPool-2 - Starting...
2026-05-07 09:11:29 [INFO ] HikariDataSource - HikariPool-2 - Start completed.
2026-05-07 09:11:29 [INFO ] LoginFrame - Login correcto - empleado: Admin  (admin@tienda.com)
2026-05-07 09:14:08 [INFO ] HikariDataSource - HikariPool-1 - Starting...
2026-05-07 09:14:08 [INFO ] HikariDataSource - HikariPool-1 - Start completed.
2026-05-07 09:14:08 [INFO ] HikariDataSource - HikariPool-2 - Starting...
2026-05-07 09:14:08 [INFO ] HikariDataSource - HikariPool-2 - Start completed.
2026-05-07 09:14:08 [INFO ] LoginFrame - Login correcto - empleado: Admin  (admin@tienda.com)
2026-05-07 09:16:38 [INFO ] HikariDataSource - HikariPool-1 - Starting...
2026-05-07 09:16:38 [INFO ] HikariDataSource - HikariPool-1 - Start completed.
2026-05-07 09:16:38 [INFO ] HikariDataSource - HikariPool-2 - Starting...
2026-05-07 09:16:38 [INFO ] HikariDataSource - HikariPool-2 - Start completed.
2026-05-07 09:16:39 [INFO ] LoginFrame - Login correcto - empleado: Admin  (admin@tienda.com)
2026-05-07 09:31:47 [INFO ] HikariDataSource - HikariPool-1 - Starting...
2026-05-07 09:31:47 [INFO ] HikariDataSource - HikariPool-1 - Start completed.
2026-05-07 09:31:47 [INFO ] HikariDataSource - HikariPool-2 - Starting...
2026-05-07 09:31:47 [INFO ] HikariDataSource - HikariPool-2 - Start completed.
2026-05-07 09:31:47 [INFO ] LoginFrame - Login correcto - empleado: Admin  (admin@tienda.com)
2026-05-07 10:25:28 [INFO ] HikariDataSource - HikariPool-1 - Starting...
2026-05-07 10:25:28 [INFO ] HikariDataSource - HikariPool-1 - Start completed.
2026-05-07 10:25:28 [INFO ] HikariDataSource - HikariPool-2 - Starting...
2026-05-07 10:25:28 [INFO ] HikariDataSource - HikariPool-2 - Start completed.
2026-05-07 10:25:29 [INFO ] LoginFrame - Login correcto - empleado: Admin  (admin@tienda.com)
2026-05-07 10:26:21 [INFO ] VentaDAO - Venta registrada - id_venta: 17, id_empleado: 1, total: 0.0
2026-05-07 10:41:36 [INFO ] HikariDataSource - HikariPool-1 - Starting...
2026-05-07 10:41:36 [INFO ] HikariDataSource - HikariPool-1 - Start completed.
2026-05-07 10:41:36 [INFO ] HikariDataSource - HikariPool-2 - Starting...
2026-05-07 10:41:36 [INFO ] HikariDataSource - HikariPool-2 - Start completed.
2026-05-07 10:41:36 [INFO ] LoginFrame - Login correcto - empleado: Admin  (admin@tienda.com)
2026-05-07 13:59:31 [WARN ] HikariPool - HikariPool-1 - Thread starvation or clock leap detected (housekeeper delta=3h1m55s642ms206µs600ns).
2026-05-07 13:59:31 [WARN ] HikariPool - HikariPool-2 - Thread starvation or clock leap detected (housekeeper delta=3h1m55s642ms211µs700ns).
